2021-09-30 09:37:29.482  INFO 10828 --- [restartedMain] c.c.O.OnlineBusBookingApplication        : Starting OnlineBusBookingApplication using Java 16.0.2 on SYFGNTJAKJ with PID 10828 (C:\Users\ssaji\eclipse-workspace\OnlineBusBooking\target\classes started by ssaji in C:\Users\ssaji\eclipse-workspace\OnlineBusBooking)
2021-09-30 09:37:29.487  INFO 10828 --- [restartedMain] c.c.O.OnlineBusBookingApplication        : No active profile set, falling back to default profiles: default
2021-09-30 09:37:29.537  INFO 10828 --- [restartedMain] .e.DevToolsPropertyDefaultsPostProcessor : Devtools property defaults active! Set 'spring.devtools.add-properties' to 'false' to disable
2021-09-30 09:37:29.538  INFO 10828 --- [restartedMain] .e.DevToolsPropertyDefaultsPostProcessor : For additional web related logging consider setting the 'logging.level.web' property to 'DEBUG'
2021-09-30 09:37:30.431  INFO 10828 --- [restartedMain] .s.d.r.c.RepositoryConfigurationDelegate : Bootstrapping Spring Data JPA repositories in DEFAULT mode.
2021-09-30 09:37:30.518  INFO 10828 --- [restartedMain] .s.d.r.c.RepositoryConfigurationDelegate : Finished Spring Data repository scanning in 78 ms. Found 8 JPA repository interfaces.
2021-09-30 09:37:31.286  INFO 10828 --- [restartedMain] o.s.b.w.embedded.tomcat.TomcatWebServer  : Tomcat initialized with port(s): 8080 (http)
2021-09-30 09:37:31.297  INFO 10828 --- [restartedMain] o.apache.catalina.core.StandardService   : Starting service [Tomcat]
2021-09-30 09:37:31.297  INFO 10828 --- [restartedMain] org.apache.catalina.core.StandardEngine  : Starting Servlet engine: [Apache Tomcat/9.0.53]
2021-09-30 09:37:31.397  INFO 10828 --- [restartedMain] o.a.c.c.C.[Tomcat].[localhost].[/]       : Initializing Spring embedded WebApplicationContext
2021-09-30 09:37:31.398  INFO 10828 --- [restartedMain] w.s.c.ServletWebServerApplicationContext : Root WebApplicationContext: initialization completed in 1860 ms
2021-09-30 09:37:31.596  INFO 10828 --- [restartedMain] o.hibernate.jpa.internal.util.LogHelper  : HHH000204: Processing PersistenceUnitInfo [name: default]
2021-09-30 09:37:31.659  INFO 10828 --- [restartedMain] org.hibernate.Version                    : HHH000412: Hibernate ORM core version 5.4.32.Final
2021-09-30 09:37:31.805  INFO 10828 --- [restartedMain] o.hibernate.annotations.common.Version   : HCANN000001: Hibernate Commons Annotations {5.1.2.Final}
2021-09-30 09:37:31.895  INFO 10828 --- [restartedMain] com.zaxxer.hikari.HikariDataSource       : HikariPool-1 - Starting...
2021-09-30 09:37:32.398  INFO 10828 --- [restartedMain] com.zaxxer.hikari.HikariDataSource       : HikariPool-1 - Start completed.
2021-09-30 09:37:32.418  INFO 10828 --- [restartedMain] org.hibernate.dialect.Dialect            : HHH000400: Using dialect: org.hibernate.dialect.PostgreSQLDialect
2021-09-30 09:37:33.309  INFO 10828 --- [restartedMain] o.h.e.t.j.p.i.JtaPlatformInitiator       : HHH000490: Using JtaPlatform implementation: [org.hibernate.engine.transaction.jta.platform.internal.NoJtaPlatform]
2021-09-30 09:37:33.318  INFO 10828 --- [restartedMain] j.LocalContainerEntityManagerFactoryBean : Initialized JPA EntityManagerFactory for persistence unit 'default'
2021-09-30 09:37:34.059  WARN 10828 --- [restartedMain] JpaBaseConfiguration$JpaWebConfiguration : spring.jpa.open-in-view is enabled by default. Therefore, database queries may be performed during view rendering. Explicitly configure spring.jpa.open-in-view to disable this warning
2021-09-30 09:37:34.208  INFO 10828 --- [restartedMain] pertySourcedRequestMappingHandlerMapping : Mapped URL path [/v2/api-docs] onto method [springfox.documentation.swagger2.web.Swagger2Controller#getDocumentation(String, HttpServletRequest)]
2021-09-30 09:37:34.320  INFO 10828 --- [restartedMain] o.s.b.d.a.OptionalLiveReloadServer       : LiveReload server is running on port 35729
2021-09-30 09:37:34.484  INFO 10828 --- [restartedMain] o.s.b.w.embedded.tomcat.TomcatWebServer  : Tomcat started on port(s): 8080 (http) with context path ''
2021-09-30 09:37:34.487  INFO 10828 --- [restartedMain] d.s.w.p.DocumentationPluginsBootstrapper : Context refreshed
2021-09-30 09:37:34.506  INFO 10828 --- [restartedMain] d.s.w.p.DocumentationPluginsBootstrapper : Found 1 custom documentation plugin(s)
2021-09-30 09:37:34.529  INFO 10828 --- [restartedMain] s.d.s.w.s.ApiListingReferenceScanner     : Scanning for api listing references
2021-09-30 09:37:34.658  INFO 10828 --- [restartedMain] .d.s.w.r.o.CachingOperationNameGenerator : Generating unique operation named: deleteBusUsingDELETE_1
2021-09-30 09:37:34.756  INFO 10828 --- [restartedMain] .d.s.w.r.o.CachingOperationNameGenerator : Generating unique operation named: addFeedbackUsingPOST_1
2021-09-30 09:37:34.785  INFO 10828 --- [restartedMain] .d.s.w.r.o.CachingOperationNameGenerator : Generating unique operation named: getRevenueByBusRouteUsingGET_1
2021-09-30 09:37:34.791  INFO 10828 --- [restartedMain] .d.s.w.r.o.CachingOperationNameGenerator : Generating unique operation named: addFeedbackUsingPOST_2
2021-09-30 09:37:34.796  INFO 10828 --- [restartedMain] .d.s.w.r.o.CachingOperationNameGenerator : Generating unique operation named: viewAllFeedbacksUsingGET_1
2021-09-30 09:37:34.823  INFO 10828 --- [restartedMain] c.c.O.OnlineBusBookingApplication        : Started OnlineBusBookingApplication in 5.692 seconds (JVM running for 6.55)
2021-09-30 09:37:34.827  INFO 10828 --- [restartedMain] c.c.O.OnlineBusBookingApplication        : Starting my application with 0 args.
2021-09-30 09:37:39.320  INFO 10828 --- [http-nio-8080-exec-1] o.a.c.c.C.[Tomcat].[localhost].[/]       : Initializing Spring DispatcherServlet 'dispatcherServlet'
2021-09-30 09:37:39.321  INFO 10828 --- [http-nio-8080-exec-1] o.s.web.servlet.DispatcherServlet        : Initializing Servlet 'dispatcherServlet'
2021-09-30 09:37:39.321  INFO 10828 --- [http-nio-8080-exec-1] o.s.web.servlet.DispatcherServlet        : Completed initialization in 0 ms
2021-09-30 09:38:16.901  INFO 10828 --- [Thread-4] j.LocalContainerEntityManagerFactoryBean : Closing JPA EntityManagerFactory for persistence unit 'default'
2021-09-30 09:38:16.911  INFO 10828 --- [Thread-4] com.zaxxer.hikari.HikariDataSource       : HikariPool-1 - Shutdown initiated...
2021-09-30 09:38:16.914  INFO 10828 --- [Thread-4] com.zaxxer.hikari.HikariDataSource       : HikariPool-1 - Shutdown completed.
2021-09-30 09:38:16.951  INFO 10828 --- [restartedMain] c.c.O.OnlineBusBookingApplication        : Before Starting application
2021-09-30 09:38:16.977  INFO 10828 --- [restartedMain] c.c.O.OnlineBusBookingApplication        : Starting OnlineBusBookingApplication using Java 16.0.2 on SYFGNTJAKJ with PID 10828 (C:\Users\ssaji\eclipse-workspace\OnlineBusBooking\target\classes started by ssaji in C:\Users\ssaji\eclipse-workspace\OnlineBusBooking)
2021-09-30 09:38:16.978  INFO 10828 --- [restartedMain] c.c.O.OnlineBusBookingApplication        : No active profile set, falling back to default profiles: default
2021-09-30 09:38:17.208  INFO 10828 --- [restartedMain] .s.d.r.c.RepositoryConfigurationDelegate : Bootstrapping Spring Data JPA repositories in DEFAULT mode.
2021-09-30 09:38:17.233  INFO 10828 --- [restartedMain] .s.d.r.c.RepositoryConfigurationDelegate : Finished Spring Data repository scanning in 24 ms. Found 8 JPA repository interfaces.
2021-09-30 09:38:17.304  INFO 10828 --- [restartedMain] o.s.b.w.embedded.tomcat.TomcatWebServer  : Tomcat initialized with port(s): 8080 (http)
2021-09-30 09:38:17.305  INFO 10828 --- [restartedMain] o.apache.catalina.core.StandardService   : Starting service [Tomcat]
2021-09-30 09:38:17.306  INFO 10828 --- [restartedMain] org.apache.catalina.core.StandardEngine  : Starting Servlet engine: [Apache Tomcat/9.0.53]
2021-09-30 09:38:17.330  INFO 10828 --- [restartedMain] o.a.c.c.C.[Tomcat].[localhost].[/]       : Initializing Spring embedded WebApplicationContext
2021-09-30 09:38:17.331  INFO 10828 --- [restartedMain] w.s.c.ServletWebServerApplicationContext : Root WebApplicationContext: initialization completed in 351 ms
2021-09-30 09:38:17.361  INFO 10828 --- [restartedMain] o.hibernate.jpa.internal.util.LogHelper  : HHH000204: Processing PersistenceUnitInfo [name: default]
2021-09-30 09:38:17.365  INFO 10828 --- [restartedMain] com.zaxxer.hikari.HikariDataSource       : HikariPool-2 - Starting...
2021-09-30 09:38:17.409  INFO 10828 --- [restartedMain] com.zaxxer.hikari.HikariDataSource       : HikariPool-2 - Start completed.
2021-09-30 09:38:17.410  INFO 10828 --- [restartedMain] org.hibernate.dialect.Dialect            : HHH000400: Using dialect: org.hibernate.dialect.PostgreSQLDialect
2021-09-30 09:38:17.814  INFO 10828 --- [restartedMain] o.h.e.t.j.p.i.JtaPlatformInitiator       : HHH000490: Using JtaPlatform implementation: [org.hibernate.engine.transaction.jta.platform.internal.NoJtaPlatform]
2021-09-30 09:38:17.814  INFO 10828 --- [restartedMain] j.LocalContainerEntityManagerFactoryBean : Initialized JPA EntityManagerFactory for persistence unit 'default'
2021-09-30 09:38:18.061  WARN 10828 --- [restartedMain] JpaBaseConfiguration$JpaWebConfiguration : spring.jpa.open-in-view is enabled by default. Therefore, database queries may be performed during view rendering. Explicitly configure spring.jpa.open-in-view to disable this warning
2021-09-30 09:38:18.088  INFO 10828 --- [restartedMain] pertySourcedRequestMappingHandlerMapping : Mapped URL path [/v2/api-docs] onto method [springfox.documentation.swagger2.web.Swagger2Controller#getDocumentation(String, HttpServletRequest)]
2021-09-30 09:38:18.113  INFO 10828 --- [restartedMain] o.s.b.d.a.OptionalLiveReloadServer       : LiveReload server is running on port 35729
2021-09-30 09:38:18.142  INFO 10828 --- [restartedMain] o.s.b.w.embedded.tomcat.TomcatWebServer  : Tomcat started on port(s): 8080 (http) with context path ''
2021-09-30 09:38:18.142  INFO 10828 --- [restartedMain] d.s.w.p.DocumentationPluginsBootstrapper : Context refreshed
2021-09-30 09:38:18.143  INFO 10828 --- [restartedMain] d.s.w.p.DocumentationPluginsBootstrapper : Found 1 custom documentation plugin(s)
2021-09-30 09:38:18.147  INFO 10828 --- [restartedMain] s.d.s.w.s.ApiListingReferenceScanner     : Scanning for api listing references
2021-09-30 09:38:18.163  INFO 10828 --- [restartedMain] .d.s.w.r.o.CachingOperationNameGenerator : Generating unique operation named: deleteBusUsingDELETE_1
2021-09-30 09:38:18.202  INFO 10828 --- [restartedMain] .d.s.w.r.o.CachingOperationNameGenerator : Generating unique operation named: addFeedbackUsingPOST_1
2021-09-30 09:38:18.217  INFO 10828 --- [restartedMain] .d.s.w.r.o.CachingOperationNameGenerator : Generating unique operation named: getRevenueByBusRouteUsingGET_1
2021-09-30 09:38:18.221  INFO 10828 --- [restartedMain] .d.s.w.r.o.CachingOperationNameGenerator : Generating unique operation named: addFeedbackUsingPOST_2
2021-09-30 09:38:18.225  INFO 10828 --- [restartedMain] .d.s.w.r.o.CachingOperationNameGenerator : Generating unique operation named: viewAllFeedbacksUsingGET_1
2021-09-30 09:38:18.234  INFO 10828 --- [restartedMain] c.c.O.OnlineBusBookingApplication        : Started OnlineBusBookingApplication in 1.279 seconds (JVM running for 49.984)
2021-09-30 09:38:18.235  INFO 10828 --- [restartedMain] .ConditionEvaluationDeltaLoggingListener : Condition evaluation unchanged
2021-09-30 09:38:18.236  INFO 10828 --- [restartedMain] c.c.O.OnlineBusBookingApplication        : Starting my application with 0 args.
2021-09-30 09:39:46.692  INFO 10828 --- [Thread-7] j.LocalContainerEntityManagerFactoryBean : Closing JPA EntityManagerFactory for persistence unit 'default'
2021-09-30 09:39:46.692  INFO 10828 --- [Thread-7] com.zaxxer.hikari.HikariDataSource       : HikariPool-2 - Shutdown initiated...
2021-09-30 09:39:46.693  INFO 10828 --- [Thread-7] com.zaxxer.hikari.HikariDataSource       : HikariPool-2 - Shutdown completed.
2021-09-30 09:39:46.733  INFO 10828 --- [restartedMain] c.c.O.OnlineBusBookingApplication        : Before Starting application
2021-09-30 09:39:46.756  INFO 10828 --- [restartedMain] c.c.O.OnlineBusBookingApplication        : Starting OnlineBusBookingApplication using Java 16.0.2 on SYFGNTJAKJ with PID 10828 (C:\Users\ssaji\eclipse-workspace\OnlineBusBooking\target\classes started by ssaji in C:\Users\ssaji\eclipse-workspace\OnlineBusBooking)
2021-09-30 09:39:46.756  INFO 10828 --- [restartedMain] c.c.O.OnlineBusBookingApplication        : No active profile set, falling back to default profiles: default
2021-09-30 09:39:46.959  INFO 10828 --- [restartedMain] .s.d.r.c.RepositoryConfigurationDelegate : Bootstrapping Spring Data JPA repositories in DEFAULT mode.
2021-09-30 09:39:46.984  INFO 10828 --- [restartedMain] .s.d.r.c.RepositoryConfigurationDelegate : Finished Spring Data repository scanning in 25 ms. Found 8 JPA repository interfaces.
2021-09-30 09:39:47.044  INFO 10828 --- [restartedMain] o.s.b.w.embedded.tomcat.TomcatWebServer  : Tomcat initialized with port(s): 8080 (http)
2021-09-30 09:39:47.045  INFO 10828 --- [restartedMain] o.apache.catalina.core.StandardService   : Starting service [Tomcat]
2021-09-30 09:39:47.045  INFO 10828 --- [restartedMain] org.apache.catalina.core.StandardEngine  : Starting Servlet engine: [Apache Tomcat/9.0.53]
2021-09-30 09:39:47.079  INFO 10828 --- [restartedMain] o.a.c.c.C.[Tomcat].[localhost].[/]       : Initializing Spring embedded WebApplicationContext
2021-09-30 09:39:47.080  INFO 10828 --- [restartedMain] w.s.c.ServletWebServerApplicationContext : Root WebApplicationContext: initialization completed in 322 ms
2021-09-30 09:39:47.120  INFO 10828 --- [restartedMain] o.hibernate.jpa.internal.util.LogHelper  : HHH000204: Processing PersistenceUnitInfo [name: default]
2021-09-30 09:39:47.124  INFO 10828 --- [restartedMain] com.zaxxer.hikari.HikariDataSource       : HikariPool-3 - Starting...
2021-09-30 09:39:47.172  INFO 10828 --- [restartedMain] com.zaxxer.hikari.HikariDataSource       : HikariPool-3 - Start completed.
2021-09-30 09:39:47.173  INFO 10828 --- [restartedMain] org.hibernate.dialect.Dialect            : HHH000400: Using dialect: org.hibernate.dialect.PostgreSQLDialect
2021-09-30 09:39:47.616  INFO 10828 --- [restartedMain] o.h.e.t.j.p.i.JtaPlatformInitiator       : HHH000490: Using JtaPlatform implementation: [org.hibernate.engine.transaction.jta.platform.internal.NoJtaPlatform]
2021-09-30 09:39:47.617  INFO 10828 --- [restartedMain] j.LocalContainerEntityManagerFactoryBean : Initialized JPA EntityManagerFactory for persistence unit 'default'
2021-09-30 09:39:47.815  WARN 10828 --- [restartedMain] JpaBaseConfiguration$JpaWebConfiguration : spring.jpa.open-in-view is enabled by default. Therefore, database queries may be performed during view rendering. Explicitly configure spring.jpa.open-in-view to disable this warning
2021-09-30 09:39:47.840  INFO 10828 --- [restartedMain] pertySourcedRequestMappingHandlerMapping : Mapped URL path [/v2/api-docs] onto method [springfox.documentation.swagger2.web.Swagger2Controller#getDocumentation(String, HttpServletRequest)]
2021-09-30 09:39:47.862  INFO 10828 --- [restartedMain] o.s.b.d.a.OptionalLiveReloadServer       : LiveReload server is running on port 35729
2021-09-30 09:39:47.891  INFO 10828 --- [restartedMain] o.s.b.w.embedded.tomcat.TomcatWebServer  : Tomcat started on port(s): 8080 (http) with context path ''
2021-09-30 09:39:47.892  INFO 10828 --- [restartedMain] d.s.w.p.DocumentationPluginsBootstrapper : Context refreshed
2021-09-30 09:39:47.893  INFO 10828 --- [restartedMain] d.s.w.p.DocumentationPluginsBootstrapper : Found 1 custom documentation plugin(s)
2021-09-30 09:39:47.897  INFO 10828 --- [restartedMain] s.d.s.w.s.ApiListingReferenceScanner     : Scanning for api listing references
2021-09-30 09:39:47.912  INFO 10828 --- [restartedMain] .d.s.w.r.o.CachingOperationNameGenerator : Generating unique operation named: deleteBusUsingDELETE_1
2021-09-30 09:39:47.941  INFO 10828 --- [restartedMain] .d.s.w.r.o.CachingOperationNameGenerator : Generating unique operation named: addFeedbackUsingPOST_1
2021-09-30 09:39:47.956  INFO 10828 --- [restartedMain] .d.s.w.r.o.CachingOperationNameGenerator : Generating unique operation named: getRevenueByBusRouteUsingGET_1
2021-09-30 09:39:47.959  INFO 10828 --- [restartedMain] .d.s.w.r.o.CachingOperationNameGenerator : Generating unique operation named: addFeedbackUsingPOST_2
2021-09-30 09:39:47.961  INFO 10828 --- [restartedMain] .d.s.w.r.o.CachingOperationNameGenerator : Generating unique operation named: viewAllFeedbacksUsingGET_1
2021-09-30 09:39:47.967  INFO 10828 --- [restartedMain] c.c.O.OnlineBusBookingApplication        : Started OnlineBusBookingApplication in 1.231 seconds (JVM running for 139.749)
2021-09-30 09:39:47.968  INFO 10828 --- [restartedMain] .ConditionEvaluationDeltaLoggingListener : Condition evaluation unchanged
2021-09-30 09:39:47.968  INFO 10828 --- [restartedMain] c.c.O.OnlineBusBookingApplication        : Starting my application with 0 args.
2021-09-30 09:40:56.543  INFO 10828 --- [http-nio-8080-exec-1] o.a.c.c.C.[Tomcat].[localhost].[/]       : Initializing Spring DispatcherServlet 'dispatcherServlet'
2021-09-30 09:40:56.543  INFO 10828 --- [http-nio-8080-exec-1] o.s.web.servlet.DispatcherServlet        : Initializing Servlet 'dispatcherServlet'
2021-09-30 09:40:56.544  INFO 10828 --- [http-nio-8080-exec-1] o.s.web.servlet.DispatcherServlet        : Completed initialization in 1 ms
